<?xml version="1.0" encoding="UTF-8"?>
<!-- Generated by org.testng.reporters.JUnitReportReporter -->
<testsuite hostname="RHDN06343" failures="0" tests="1" name="testNGTryout.day3" time="0.002" errors="0" timestamp="2023-03-24T13:26:09 CET" skipped="0">
  <testcase classname="testNGTryout.day3" name="broccoli" time="0.002"/>
  <system-out/>
</testsuite> <!-- testNGTryout.day3 -->
