<?xml version="1.0" encoding="UTF-8"?>
<!-- Generated by org.testng.reporters.JUnitReportReporter -->
<testsuite hostname="RHDN06343" failures="0" tests="1" name="testNGTryout.day1" time="0.009" errors="0" timestamp="2023-03-24T13:26:09 CET" skipped="0">
  <testcase classname="testNGTryout.day1" name="TC2" time="0.009"/>
  <system-out/>
</testsuite> <!-- testNGTryout.day1 -->
